<?xml version="1.0" encoding="UTF-8"?>
<!-- Generated by org.testng.reporters.JUnitReportReporter -->
<testsuite hostname="God-Mode" failures="0" tests="4" name="TestRunner.RunnerTest" time="32.344" errors="0" timestamp="2025-01-23T17:36:31 IST" skipped="0">
  <testcase classname="TestRunner.RunnerTest" name="runScenario" time="18.899"/>
  <system-out/>
  <testcase classname="TestRunner.RunnerTest" name="runScenario" time="3.214"/>
  <system-out/>
  <testcase classname="TestRunner.RunnerTest" name="runScenario" time="6.148"/>
  <system-out/>
  <testcase classname="TestRunner.RunnerTest" name="runScenario" time="4.083"/>
  <system-out/>
</testsuite> <!-- TestRunner.RunnerTest -->
