<?xml version="1.0" encoding="UTF-8"?>
<!-- Generated by org.testng.reporters.JUnitReportReporter -->
<testsuite hostname="DESKTOP-PKL9QEF" failures="0" tests="2" name="TestRunner.RunnerTest" time="34.112" errors="0" timestamp="2025-01-23T15:50:32 IST" skipped="0">
  <testcase classname="TestRunner.RunnerTest" name="runScenario" time="30.877"/>
  <system-out/>
  <testcase classname="TestRunner.RunnerTest" name="runScenario" time="3.235"/>
  <system-out/>
</testsuite> <!-- TestRunner.RunnerTest -->
