<?xml version="1.0" encoding="UTF-8"?>
<!-- Generated by org.testng.reporters.JUnitReportReporter -->
<testsuite hostname="DESKTOP-E1ISR78" failures="0" tests="3" name="TestRunner.RunnerTest" time="13.873" errors="0" timestamp="2025-01-23T16:36:53 IST" skipped="0">
  <testcase classname="TestRunner.RunnerTest" name="runScenario" time="2.713"/>
  <system-out/>
  <testcase classname="TestRunner.RunnerTest" name="runScenario" time="7.764"/>
  <system-out/>
  <testcase classname="TestRunner.RunnerTest" name="runScenario" time="3.396"/>
  <system-out/>
</testsuite> <!-- TestRunner.RunnerTest -->
